<?xml version="1.0" encoding="utf-8"?><testsuites name="pytest tests"><testsuite name="pytest" errors="0" failures="0" skipped="0" tests="16" time="0.786" timestamp="2026-02-11T20:31:37.303690+00:00" hostname="agent-env-506dfb3a-c793-4837-bbc6-2bf28cf1ee03"><testcase classname="backend.tests.test_blog_api.TestBlogPostsAPI" name="test_get_all_blog_posts_returns_5_articles" time="0.098" /><testcase classname="backend.tests.test_blog_api.TestBlogPostsAPI" name="test_get_blog_posts_published_only" time="0.028" /><testcase classname="backend.tests.test_blog_api.TestBlogPostsAPI" name="test_get_refrigerator_repair_cost_article" time="0.028" /><testcase classname="backend.tests.test_blog_api.TestBlogPostsAPI" name="test_get_samsung_washer_error_codes_article" time="0.022" /><testcase classname="backend.tests.test_blog_api.TestBlogPostsAPI" name="test_get_dishwasher_maintenance_article" time="0.026" /><testcase classname="backend.tests.test_blog_api.TestBlogPostsAPI" name="test_get_lg_washer_dryer_article" time="0.027" /><testcase classname="backend.tests.test_blog_api.TestBlogPostsAPI" name="test_get_washer_dryer_repair_cost_article" time="0.022" /><testcase classname="backend.tests.test_blog_api.TestBlogPostsAPI" name="test_get_nonexistent_blog_post_returns_404" time="0.025" /><testcase classname="backend.tests.test_blog_api.TestBlogPostStructure" name="test_all_posts_have_required_fields" time="0.020" /><testcase classname="backend.tests.test_blog_api.TestBlogPostStructure" name="test_posts_have_categories_and_tags" time="0.023" /><testcase classname="backend.tests.test_blog_api.TestBlogPostStructure" name="test_posts_have_author_field" time="0.021" /><testcase classname="backend.tests.test_blog_api.TestBlogPostStructure" name="test_posts_content_is_html" time="0.024" /><testcase classname="backend.tests.test_blog_api.TestBlogCRUDOperations" name="test_create_blog_post" time="0.036" /><testcase classname="backend.tests.test_blog_api.TestBlogCRUDOperations" name="test_update_blog_post" time="0.087" /><testcase classname="backend.tests.test_blog_api.TestBlogCRUDOperations" name="test_delete_blog_post" time="0.060" /><testcase classname="backend.tests.test_blog_api.TestBlogCRUDOperations" name="test_delete_nonexistent_blog_post_returns_404" time="0.022" /></testsuite></testsuites>