<?xml version="1.0" encoding="utf-8"?><testsuites name="pytest tests"><testsuite name="pytest" errors="0" failures="0" skipped="0" tests="10" time="0.506" timestamp="2026-02-09T21:17:10.497622+00:00" hostname="agent-env-506dfb3a-c793-4837-bbc6-2bf28cf1ee03"><testcase classname="backend.tests.test_cms_api.TestCMSServicePagesAPI" name="test_get_all_service_pages_returns_9_pages" time="0.178" /><testcase classname="backend.tests.test_cms_api.TestCMSServicePagesAPI" name="test_get_cooktop_repair_page_with_intro_paragraphs" time="0.021" /><testcase classname="backend.tests.test_cms_api.TestCMSServicePagesAPI" name="test_get_garbage_disposal_repair_page" time="0.020" /><testcase classname="backend.tests.test_cms_api.TestCMSServicePagesAPI" name="test_get_refrigerator_repair_page_full_content" time="0.019" /><testcase classname="backend.tests.test_cms_api.TestCMSServicePagesAPI" name="test_get_wine_cooler_repair_page" time="0.021" /><testcase classname="backend.tests.test_cms_api.TestCMSServicePagesAPI" name="test_get_nonexistent_page_returns_404" time="0.022" /><testcase classname="backend.tests.test_cms_api.TestRedirects" name="test_san_rafael_suffix_redirect" time="0.018" /><testcase classname="backend.tests.test_cms_api.TestRedirects" name="test_api_health_check" time="0.019" /><testcase classname="backend.tests.test_cms_api.TestServicePageStructure" name="test_all_pages_have_required_fields" time="0.024" /><testcase classname="backend.tests.test_cms_api.TestServicePageStructure" name="test_all_pages_are_published" time="0.026" /></testsuite></testsuites>