<?xml version="1.0" encoding="utf-8"?><testsuites name="pytest tests"><testsuite name="pytest" errors="0" failures="0" skipped="0" tests="12" time="0.731" timestamp="2026-02-09T23:21:09.798996+00:00" hostname="agent-env-506dfb3a-c793-4837-bbc6-2bf28cf1ee03"><testcase classname="backend.tests.test_reviews_crud.TestReviewsGET" name="test_get_all_reviews_returns_success" time="0.076" /><testcase classname="backend.tests.test_reviews_crud.TestReviewsGET" name="test_get_all_reviews_returns_10_reviews" time="0.028" /><testcase classname="backend.tests.test_reviews_crud.TestReviewsGET" name="test_reviews_have_required_fields" time="0.022" /><testcase classname="backend.tests.test_reviews_crud.TestReviewsGET" name="test_get_featured_reviews" time="0.023" /><testcase classname="backend.tests.test_reviews_crud.TestReviewsCRUD" name="test_create_review" time="0.046" /><testcase classname="backend.tests.test_reviews_crud.TestReviewsCRUD" name="test_update_review" time="0.157" /><testcase classname="backend.tests.test_reviews_crud.TestReviewsCRUD" name="test_delete_review" time="0.058" /><testcase classname="backend.tests.test_reviews_crud.TestReviewsCRUD" name="test_delete_nonexistent_review_returns_404" time="0.060" /><testcase classname="backend.tests.test_reviews_crud.TestReviewsCRUD" name="test_update_nonexistent_review_returns_404" time="0.019" /><testcase classname="backend.tests.test_reviews_crud.TestReviewDataIntegrity" name="test_review_ids_format" time="0.023" /><testcase classname="backend.tests.test_reviews_crud.TestReviewDataIntegrity" name="test_review_sources_valid" time="0.022" /><testcase classname="backend.tests.test_reviews_crud.TestReviewDataIntegrity" name="test_review_ratings_in_range" time="0.019" /></testsuite></testsuites>